{"logTime": "0306/071213", "correlationVector":"pH6E5cj/vppARPOm3QFX54.0","action":"FeedSettingFetch_homeCloud", "result":"0", "context":{}}
{"logTime": "0306/071215", "correlationVector":"pH6E5cj/vppARPOm3QFX54.0","action":"SyncServerConnectionManagerRequest", "result":"SYNC_SERVER_OK", "context":{"environment":"", "server":""}}
{"logTime": "0306/071216", "correlationVector":"DqFS0rYgcWeRIIG2vgKj2N.1","action":"SyncServerConnectionManagerRequest", "result":"SYNC_SERVER_OK", "context":{"environment":"Prod_SoutheastAsia_000j", "server":"general01000006"}}
{"logTime": "0306/071216", "correlationVector":"DqFS0rYgcWeRIIG2vgKj2N","action":"Initial GetUpdates", "result":"", "context":Reason: NEW_CLIENT. cV=DqFS0rYgcWeRIIG2vgKj2N}
{"logTime": "0306/071216", "correlationVector":"DqFS0rYgcWeRIIG2vgKj2N.2","action":"GetUpdates Response", "result":"SYNCER_OK", "context":Received 1 update(s). cV=DqFS0rYgcWeRIIG2vgKj2N.0;server=general01000006;cloudType=Consumer;environment=Prod_SoutheastAsia_000j}
{"logTime": "0306/071220", "correlationVector":"w0PLhXtn8oZCdXejr+JAqJ","action":"Initial GetUpdates", "result":"", "context":Reason: NEW_CLIENT. cV=w0PLhXtn8oZCdXejr+JAqJ}
{"logTime": "0306/071221", "correlationVector":"w0PLhXtn8oZCdXejr+JAqJ.1","action":"SyncServerConnectionManagerRequest", "result":"SYNC_SERVER_OK", "context":{"environment":"Prod_SoutheastAsia_000j", "server":"general0100000W"}}
{"logTime": "0306/071221", "correlationVector":"w0PLhXtn8oZCdXejr+JAqJ.2","action":"GetUpdates Response", "result":"SYNCER_OK", "context":Received 37 update(s). cV=w0PLhXtn8oZCdXejr+JAqJ.0;server=general0100000W;cloudType=Consumer;environment=Prod_SoutheastAsia_000j}
{"logTime": "0306/071221", "correlationVector":"YQ+2HMeIbAn0taySTD+ui8","action":"Initial GetUpdates", "result":"", "context":Reason: NEW_CLIENT. cV=YQ+2HMeIbAn0taySTD+ui8}
{"logTime": "0306/071221", "correlationVector":"YQ+2HMeIbAn0taySTD+ui8.1","action":"SyncServerConnectionManagerRequest", "result":"SYNC_SERVER_OK", "context":{"environment":"Prod_SoutheastAsia_000j", "server":"general0100000S"}}
{"logTime": "0306/071221", "correlationVector":"YQ+2HMeIbAn0taySTD+ui8.2","action":"GetUpdates Response", "result":"SYNCER_OK", "context":Received 16 update(s). cV=YQ+2HMeIbAn0taySTD+ui8.0;server=general0100000S;cloudType=Consumer;environment=Prod_SoutheastAsia_000j}
{"logTime": "0306/071221", "correlationVector":"Yu1YfJMJPA8avEpTNC+va7","action":"Initial GetUpdates", "result":"", "context":Reason: NEW_CLIENT. cV=Yu1YfJMJPA8avEpTNC+va7}
{"logTime": "0306/071222", "correlationVector":"Yu1YfJMJPA8avEpTNC+va7.1","action":"SyncServerConnectionManagerRequest", "result":"SYNC_SERVER_OK", "context":{"environment":"Prod_SoutheastAsia_000j", "server":"general0100001C"}}
{"logTime": "0306/071222", "correlationVector":"Yu1YfJMJPA8avEpTNC+va7.2","action":"GetUpdates Response", "result":"SYNCER_OK", "context":Received 98 update(s). cV=Yu1YfJMJPA8avEpTNC+va7.0;server=general0100001C;cloudType=Consumer;environment=Prod_SoutheastAsia_000j}
{"logTime": "0306/071222", "correlationVector":"DhfvLbec2hHwMMsvcyKQSs","action":"Normal GetUpdate request", "result":"", "context":cV=DhfvLbec2hHwMMsvcyKQSs
Nudged types: Bookmarks, Device Info, User Consents
Refresh requested types: Bookmarks, Preferences, Passwords, Autofill Profiles, Autofill, Autofill Custom Data, Extensions, Extension settings, Device Info, User Consents, Send Tab To Self, Web Apps, Collection, Edge E Drop, Encryption Keys}
{"logTime": "0306/071222", "correlationVector":"DhfvLbec2hHwMMsvcyKQSs.1","action":"SyncServerConnectionManagerRequest", "result":"SYNC_SERVER_OK", "context":{"environment":"Prod_SoutheastAsia_000j", "server":"general0100000G"}}
{"logTime": "0306/071222", "correlationVector":"DhfvLbec2hHwMMsvcyKQSs.2","action":"GetUpdates Response", "result":"SYNCER_OK", "context":Received 0 update(s). cV=DhfvLbec2hHwMMsvcyKQSs.0;server=general0100000G;cloudType=Consumer;environment=Prod_SoutheastAsia_000j}
{"logTime": "0306/071222", "correlationVector":"iATcfAqWUlZCpuo8qepEx6","action":"Commit Request", "result":"", "context":Item count: 1
Contributing types: Device Info}
{"logTime": "0306/071223", "correlationVector":"iATcfAqWUlZCpuo8qepEx6.1","action":"SyncServerConnectionManagerRequest", "result":"SYNC_SERVER_OK", "context":{"environment":"Prod_SoutheastAsia_000j", "server":"general01000000"}}
{"logTime": "0306/071223", "correlationVector":"iATcfAqWUlZCpuo8qepEx6.2","action":"Commit Response", "result":"SYNCER_OK", "context":Result: SYNCER_OK. cV=iATcfAqWUlZCpuo8qepEx6.0;server=general01000000;cloudType=Consumer;environment=Prod_SoutheastAsia_000j}
{"logTime": "0306/071223", "correlationVector":"fAiLhQrRbkQ/YE4gHPSNN2","action":"Commit Request", "result":"", "context":Item count: 4
Contributing types: Bookmarks, User Consents}
{"logTime": "0306/071224", "correlationVector":"fAiLhQrRbkQ/YE4gHPSNN2.1","action":"SyncServerConnectionManagerRequest", "result":"SYNC_SERVER_OK", "context":{"environment":"Prod_SoutheastAsia_000j", "server":"general0100000S"}}
{"logTime": "0306/071224", "correlationVector":"fAiLhQrRbkQ/YE4gHPSNN2.2","action":"Commit Response", "result":"SYNCER_OK", "context":Result: SYNCER_OK. cV=fAiLhQrRbkQ/YE4gHPSNN2.0;server=general0100000S;cloudType=Consumer;environment=Prod_SoutheastAsia_000j}
